CRITICAL - 2022-03-07 18:15:11 --> Undefined variable $userModel
#0 C:\xampp\htdocs\warhammer_elo_webapp\app\Controllers\Players.php(30): CodeIgniter\Debug\Exceptions->errorHandler(2, 'Undefined varia...', 'C:\\xampp\\htdocs...', 30)
#1 C:\xampp\htdocs\warhammer_elo_webapp\system\CodeIgniter.php(832): App\Controllers\Players->view('1')
#2 C:\xampp\htdocs\warhammer_elo_webapp\system\CodeIgniter.php(419): CodeIgniter\CodeIgniter->runController(Object(App\Controllers\Players))
#3 C:\xampp\htdocs\warhammer_elo_webapp\system\CodeIgniter.php(326): CodeIgniter\CodeIgniter->handleRequest(NULL, Object(Config\Cache), false)
#4 C:\xampp\htdocs\warhammer_elo_webapp\public\index.php(37): CodeIgniter\CodeIgniter->run()
#5 {main}
CRITICAL - 2022-03-07 18:20:13 --> syntax error, unexpected token "}", expecting ";"
#0 C:\xampp\htdocs\warhammer_elo_webapp\system\CodeIgniter.php(368): CodeIgniter\CodeIgniter->tryToRouteIt(NULL)
#1 C:\xampp\htdocs\warhammer_elo_webapp\system\CodeIgniter.php(326): CodeIgniter\CodeIgniter->handleRequest(NULL, Object(Config\Cache), false)
#2 C:\xampp\htdocs\warhammer_elo_webapp\public\index.php(37): CodeIgniter\CodeIgniter->run()
#3 {main}
CRITICAL - 2022-03-07 18:25:30 --> Undefined array key "elo"
#0 C:\xampp\htdocs\warhammer_elo_webapp\app\Views\player_view.php(8): CodeIgniter\Debug\Exceptions->errorHandler(2, 'Undefined array...', 'C:\\xampp\\htdocs...', 8)
#1 C:\xampp\htdocs\warhammer_elo_webapp\system\View\View.php(210): include('C:\\xampp\\htdocs...')
#2 C:\xampp\htdocs\warhammer_elo_webapp\system\View\View.php(213): CodeIgniter\View\View->CodeIgniter\View\{closure}()
#3 C:\xampp\htdocs\warhammer_elo_webapp\system\Common.php(1089): CodeIgniter\View\View->render('player_view', Array, true)
#4 C:\xampp\htdocs\warhammer_elo_webapp\app\Views\container.php(58): view('player_view', Array)
#5 C:\xampp\htdocs\warhammer_elo_webapp\system\View\View.php(210): include('C:\\xampp\\htdocs...')
#6 C:\xampp\htdocs\warhammer_elo_webapp\system\View\View.php(213): CodeIgniter\View\View->CodeIgniter\View\{closure}()
#7 C:\xampp\htdocs\warhammer_elo_webapp\system\Common.php(1089): CodeIgniter\View\View->render('container', Array, true)
#8 C:\xampp\htdocs\warhammer_elo_webapp\app\Controllers\BaseController.php(67): view('container', Array)
#9 C:\xampp\htdocs\warhammer_elo_webapp\app\Controllers\Players.php(38): App\Controllers\BaseController->loadView('player_view')
#10 C:\xampp\htdocs\warhammer_elo_webapp\system\CodeIgniter.php(832): App\Controllers\Players->view('1')
#11 C:\xampp\htdocs\warhammer_elo_webapp\system\CodeIgniter.php(419): CodeIgniter\CodeIgniter->runController(Object(App\Controllers\Players))
#12 C:\xampp\htdocs\warhammer_elo_webapp\system\CodeIgniter.php(326): CodeIgniter\CodeIgniter->handleRequest(NULL, Object(Config\Cache), false)
#13 C:\xampp\htdocs\warhammer_elo_webapp\public\index.php(37): CodeIgniter\CodeIgniter->run()
#14 {main}
CRITICAL - 2022-03-07 18:28:22 --> Too few arguments to function App\Models\UserModel::getPlayer(), 0 passed in C:\xampp\htdocs\warhammer_elo_webapp\app\Controllers\Players.php on line 30 and exactly 1 expected
#0 C:\xampp\htdocs\warhammer_elo_webapp\app\Controllers\Players.php(30): App\Models\UserModel->getPlayer()
#1 C:\xampp\htdocs\warhammer_elo_webapp\system\CodeIgniter.php(832): App\Controllers\Players->view('1')
#2 C:\xampp\htdocs\warhammer_elo_webapp\system\CodeIgniter.php(419): CodeIgniter\CodeIgniter->runController(Object(App\Controllers\Players))
#3 C:\xampp\htdocs\warhammer_elo_webapp\system\CodeIgniter.php(326): CodeIgniter\CodeIgniter->handleRequest(NULL, Object(Config\Cache), false)
#4 C:\xampp\htdocs\warhammer_elo_webapp\public\index.php(37): CodeIgniter\CodeIgniter->run()
#5 {main}
CRITICAL - 2022-03-07 18:28:24 --> Too few arguments to function App\Models\UserModel::getPlayer(), 0 passed in C:\xampp\htdocs\warhammer_elo_webapp\app\Controllers\Players.php on line 30 and exactly 1 expected
#0 C:\xampp\htdocs\warhammer_elo_webapp\app\Controllers\Players.php(30): App\Models\UserModel->getPlayer()
#1 C:\xampp\htdocs\warhammer_elo_webapp\system\CodeIgniter.php(832): App\Controllers\Players->view('1')
#2 C:\xampp\htdocs\warhammer_elo_webapp\system\CodeIgniter.php(419): CodeIgniter\CodeIgniter->runController(Object(App\Controllers\Players))
#3 C:\xampp\htdocs\warhammer_elo_webapp\system\CodeIgniter.php(326): CodeIgniter\CodeIgniter->handleRequest(NULL, Object(Config\Cache), false)
#4 C:\xampp\htdocs\warhammer_elo_webapp\public\index.php(37): CodeIgniter\CodeIgniter->run()
#5 {main}
CRITICAL - 2022-03-07 18:28:37 --> Call to undefined method CodeIgniter\Database\MySQLi\Connection::where()
#0 C:\xampp\htdocs\warhammer_elo_webapp\app\Controllers\Players.php(30): App\Models\UserModel->getPlayer('1')
#1 C:\xampp\htdocs\warhammer_elo_webapp\system\CodeIgniter.php(832): App\Controllers\Players->view('1')
#2 C:\xampp\htdocs\warhammer_elo_webapp\system\CodeIgniter.php(419): CodeIgniter\CodeIgniter->runController(Object(App\Controllers\Players))
#3 C:\xampp\htdocs\warhammer_elo_webapp\system\CodeIgniter.php(326): CodeIgniter\CodeIgniter->handleRequest(NULL, Object(Config\Cache), false)
#4 C:\xampp\htdocs\warhammer_elo_webapp\public\index.php(37): CodeIgniter\CodeIgniter->run()
#5 {main}
CRITICAL - 2022-03-07 18:29:12 --> Call to undefined method CodeIgniter\Database\MySQLi\Result::first()
#0 C:\xampp\htdocs\warhammer_elo_webapp\app\Controllers\Players.php(30): App\Models\UserModel->getPlayer('1')
#1 C:\xampp\htdocs\warhammer_elo_webapp\system\CodeIgniter.php(832): App\Controllers\Players->view('1')
#2 C:\xampp\htdocs\warhammer_elo_webapp\system\CodeIgniter.php(419): CodeIgniter\CodeIgniter->runController(Object(App\Controllers\Players))
#3 C:\xampp\htdocs\warhammer_elo_webapp\system\CodeIgniter.php(326): CodeIgniter\CodeIgniter->handleRequest(NULL, Object(Config\Cache), false)
#4 C:\xampp\htdocs\warhammer_elo_webapp\public\index.php(37): CodeIgniter\CodeIgniter->run()
#5 {main}
CRITICAL - 2022-03-07 18:29:15 --> Call to undefined method CodeIgniter\Database\MySQLi\Result::first()
#0 C:\xampp\htdocs\warhammer_elo_webapp\app\Controllers\Players.php(30): App\Models\UserModel->getPlayer('1')
#1 C:\xampp\htdocs\warhammer_elo_webapp\system\CodeIgniter.php(832): App\Controllers\Players->view('1')
#2 C:\xampp\htdocs\warhammer_elo_webapp\system\CodeIgniter.php(419): CodeIgniter\CodeIgniter->runController(Object(App\Controllers\Players))
#3 C:\xampp\htdocs\warhammer_elo_webapp\system\CodeIgniter.php(326): CodeIgniter\CodeIgniter->handleRequest(NULL, Object(Config\Cache), false)
#4 C:\xampp\htdocs\warhammer_elo_webapp\public\index.php(37): CodeIgniter\CodeIgniter->run()
#5 {main}
