CRITICAL - 2022-03-06 21:33:39 --> Undefined property: stdClass::$pos
#0 C:\xampp\htdocs\warhammer_elo_webapp\app\Views\players.php(9): CodeIgniter\Debug\Exceptions->errorHandler(2, 'Undefined prope...', 'C:\\xampp\\htdocs...', 9)
#1 C:\xampp\htdocs\warhammer_elo_webapp\system\View\View.php(210): include('C:\\xampp\\htdocs...')
#2 C:\xampp\htdocs\warhammer_elo_webapp\system\View\View.php(213): CodeIgniter\View\View->CodeIgniter\View\{closure}()
#3 C:\xampp\htdocs\warhammer_elo_webapp\system\Common.php(1089): CodeIgniter\View\View->render('players', Array, true)
#4 C:\xampp\htdocs\warhammer_elo_webapp\app\Views\container.php(68): view('players', Array)
#5 C:\xampp\htdocs\warhammer_elo_webapp\system\View\View.php(210): include('C:\\xampp\\htdocs...')
#6 C:\xampp\htdocs\warhammer_elo_webapp\system\View\View.php(213): CodeIgniter\View\View->CodeIgniter\View\{closure}()
#7 C:\xampp\htdocs\warhammer_elo_webapp\system\Common.php(1089): CodeIgniter\View\View->render('container', Array, true)
#8 C:\xampp\htdocs\warhammer_elo_webapp\app\Controllers\BaseController.php(67): view('container', Array)
#9 C:\xampp\htdocs\warhammer_elo_webapp\app\Controllers\Players.php(21): App\Controllers\BaseController->loadView('players')
#10 C:\xampp\htdocs\warhammer_elo_webapp\system\CodeIgniter.php(832): App\Controllers\Players->index()
#11 C:\xampp\htdocs\warhammer_elo_webapp\system\CodeIgniter.php(419): CodeIgniter\CodeIgniter->runController(Object(App\Controllers\Players))
#12 C:\xampp\htdocs\warhammer_elo_webapp\system\CodeIgniter.php(326): CodeIgniter\CodeIgniter->handleRequest(NULL, Object(Config\Cache), false)
#13 C:\xampp\htdocs\warhammer_elo_webapp\public\index.php(37): CodeIgniter\CodeIgniter->run()
#14 {main}
CRITICAL - 2022-03-06 21:35:13 --> Undefined array key "pos"
#0 C:\xampp\htdocs\warhammer_elo_webapp\app\Views\players.php(9): CodeIgniter\Debug\Exceptions->errorHandler(2, 'Undefined array...', 'C:\\xampp\\htdocs...', 9)
#1 C:\xampp\htdocs\warhammer_elo_webapp\system\View\View.php(210): include('C:\\xampp\\htdocs...')
#2 C:\xampp\htdocs\warhammer_elo_webapp\system\View\View.php(213): CodeIgniter\View\View->CodeIgniter\View\{closure}()
#3 C:\xampp\htdocs\warhammer_elo_webapp\system\Common.php(1089): CodeIgniter\View\View->render('players', Array, true)
#4 C:\xampp\htdocs\warhammer_elo_webapp\app\Views\container.php(68): view('players', Array)
#5 C:\xampp\htdocs\warhammer_elo_webapp\system\View\View.php(210): include('C:\\xampp\\htdocs...')
#6 C:\xampp\htdocs\warhammer_elo_webapp\system\View\View.php(213): CodeIgniter\View\View->CodeIgniter\View\{closure}()
#7 C:\xampp\htdocs\warhammer_elo_webapp\system\Common.php(1089): CodeIgniter\View\View->render('container', Array, true)
#8 C:\xampp\htdocs\warhammer_elo_webapp\app\Controllers\BaseController.php(67): view('container', Array)
#9 C:\xampp\htdocs\warhammer_elo_webapp\app\Controllers\Players.php(21): App\Controllers\BaseController->loadView('players')
#10 C:\xampp\htdocs\warhammer_elo_webapp\system\CodeIgniter.php(832): App\Controllers\Players->index()
#11 C:\xampp\htdocs\warhammer_elo_webapp\system\CodeIgniter.php(419): CodeIgniter\CodeIgniter->runController(Object(App\Controllers\Players))
#12 C:\xampp\htdocs\warhammer_elo_webapp\system\CodeIgniter.php(326): CodeIgniter\CodeIgniter->handleRequest(NULL, Object(Config\Cache), false)
#13 C:\xampp\htdocs\warhammer_elo_webapp\public\index.php(37): CodeIgniter\CodeIgniter->run()
#14 {main}
CRITICAL - 2022-03-06 21:35:53 --> Array to string conversion
#0 C:\xampp\htdocs\warhammer_elo_webapp\app\Views\players.php(9): CodeIgniter\Debug\Exceptions->errorHandler(2, 'Array to string...', 'C:\\xampp\\htdocs...', 9)
#1 C:\xampp\htdocs\warhammer_elo_webapp\system\View\View.php(210): include('C:\\xampp\\htdocs...')
#2 C:\xampp\htdocs\warhammer_elo_webapp\system\View\View.php(213): CodeIgniter\View\View->CodeIgniter\View\{closure}()
#3 C:\xampp\htdocs\warhammer_elo_webapp\system\Common.php(1089): CodeIgniter\View\View->render('players', Array, true)
#4 C:\xampp\htdocs\warhammer_elo_webapp\app\Views\container.php(68): view('players', Array)
#5 C:\xampp\htdocs\warhammer_elo_webapp\system\View\View.php(210): include('C:\\xampp\\htdocs...')
#6 C:\xampp\htdocs\warhammer_elo_webapp\system\View\View.php(213): CodeIgniter\View\View->CodeIgniter\View\{closure}()
#7 C:\xampp\htdocs\warhammer_elo_webapp\system\Common.php(1089): CodeIgniter\View\View->render('container', Array, true)
#8 C:\xampp\htdocs\warhammer_elo_webapp\app\Controllers\BaseController.php(67): view('container', Array)
#9 C:\xampp\htdocs\warhammer_elo_webapp\app\Controllers\Players.php(21): App\Controllers\BaseController->loadView('players')
#10 C:\xampp\htdocs\warhammer_elo_webapp\system\CodeIgniter.php(832): App\Controllers\Players->index()
#11 C:\xampp\htdocs\warhammer_elo_webapp\system\CodeIgniter.php(419): CodeIgniter\CodeIgniter->runController(Object(App\Controllers\Players))
#12 C:\xampp\htdocs\warhammer_elo_webapp\system\CodeIgniter.php(326): CodeIgniter\CodeIgniter->handleRequest(NULL, Object(Config\Cache), false)
#13 C:\xampp\htdocs\warhammer_elo_webapp\public\index.php(37): CodeIgniter\CodeIgniter->run()
#14 {main}
CRITICAL - 2022-03-06 21:35:55 --> Array to string conversion
#0 C:\xampp\htdocs\warhammer_elo_webapp\app\Views\players.php(9): CodeIgniter\Debug\Exceptions->errorHandler(2, 'Array to string...', 'C:\\xampp\\htdocs...', 9)
#1 C:\xampp\htdocs\warhammer_elo_webapp\system\View\View.php(210): include('C:\\xampp\\htdocs...')
#2 C:\xampp\htdocs\warhammer_elo_webapp\system\View\View.php(213): CodeIgniter\View\View->CodeIgniter\View\{closure}()
#3 C:\xampp\htdocs\warhammer_elo_webapp\system\Common.php(1089): CodeIgniter\View\View->render('players', Array, true)
#4 C:\xampp\htdocs\warhammer_elo_webapp\app\Views\container.php(68): view('players', Array)
#5 C:\xampp\htdocs\warhammer_elo_webapp\system\View\View.php(210): include('C:\\xampp\\htdocs...')
#6 C:\xampp\htdocs\warhammer_elo_webapp\system\View\View.php(213): CodeIgniter\View\View->CodeIgniter\View\{closure}()
#7 C:\xampp\htdocs\warhammer_elo_webapp\system\Common.php(1089): CodeIgniter\View\View->render('container', Array, true)
#8 C:\xampp\htdocs\warhammer_elo_webapp\app\Controllers\BaseController.php(67): view('container', Array)
#9 C:\xampp\htdocs\warhammer_elo_webapp\app\Controllers\Players.php(21): App\Controllers\BaseController->loadView('players')
#10 C:\xampp\htdocs\warhammer_elo_webapp\system\CodeIgniter.php(832): App\Controllers\Players->index()
#11 C:\xampp\htdocs\warhammer_elo_webapp\system\CodeIgniter.php(419): CodeIgniter\CodeIgniter->runController(Object(App\Controllers\Players))
#12 C:\xampp\htdocs\warhammer_elo_webapp\system\CodeIgniter.php(326): CodeIgniter\CodeIgniter->handleRequest(NULL, Object(Config\Cache), false)
#13 C:\xampp\htdocs\warhammer_elo_webapp\public\index.php(37): CodeIgniter\CodeIgniter->run()
#14 {main}
CRITICAL - 2022-03-06 21:35:56 --> Array to string conversion
#0 C:\xampp\htdocs\warhammer_elo_webapp\app\Views\players.php(9): CodeIgniter\Debug\Exceptions->errorHandler(2, 'Array to string...', 'C:\\xampp\\htdocs...', 9)
#1 C:\xampp\htdocs\warhammer_elo_webapp\system\View\View.php(210): include('C:\\xampp\\htdocs...')
#2 C:\xampp\htdocs\warhammer_elo_webapp\system\View\View.php(213): CodeIgniter\View\View->CodeIgniter\View\{closure}()
#3 C:\xampp\htdocs\warhammer_elo_webapp\system\Common.php(1089): CodeIgniter\View\View->render('players', Array, true)
#4 C:\xampp\htdocs\warhammer_elo_webapp\app\Views\container.php(68): view('players', Array)
#5 C:\xampp\htdocs\warhammer_elo_webapp\system\View\View.php(210): include('C:\\xampp\\htdocs...')
#6 C:\xampp\htdocs\warhammer_elo_webapp\system\View\View.php(213): CodeIgniter\View\View->CodeIgniter\View\{closure}()
#7 C:\xampp\htdocs\warhammer_elo_webapp\system\Common.php(1089): CodeIgniter\View\View->render('container', Array, true)
#8 C:\xampp\htdocs\warhammer_elo_webapp\app\Controllers\BaseController.php(67): view('container', Array)
#9 C:\xampp\htdocs\warhammer_elo_webapp\app\Controllers\Players.php(21): App\Controllers\BaseController->loadView('players')
#10 C:\xampp\htdocs\warhammer_elo_webapp\system\CodeIgniter.php(832): App\Controllers\Players->index()
#11 C:\xampp\htdocs\warhammer_elo_webapp\system\CodeIgniter.php(419): CodeIgniter\CodeIgniter->runController(Object(App\Controllers\Players))
#12 C:\xampp\htdocs\warhammer_elo_webapp\system\CodeIgniter.php(326): CodeIgniter\CodeIgniter->handleRequest(NULL, Object(Config\Cache), false)
#13 C:\xampp\htdocs\warhammer_elo_webapp\public\index.php(37): CodeIgniter\CodeIgniter->run()
#14 {main}
CRITICAL - 2022-03-06 21:37:14 --> Undefined array key "pos"
#0 C:\xampp\htdocs\warhammer_elo_webapp\app\Views\players.php(9): CodeIgniter\Debug\Exceptions->errorHandler(2, 'Undefined array...', 'C:\\xampp\\htdocs...', 9)
#1 C:\xampp\htdocs\warhammer_elo_webapp\system\View\View.php(210): include('C:\\xampp\\htdocs...')
#2 C:\xampp\htdocs\warhammer_elo_webapp\system\View\View.php(213): CodeIgniter\View\View->CodeIgniter\View\{closure}()
#3 C:\xampp\htdocs\warhammer_elo_webapp\system\Common.php(1089): CodeIgniter\View\View->render('players', Array, true)
#4 C:\xampp\htdocs\warhammer_elo_webapp\app\Views\container.php(68): view('players', Array)
#5 C:\xampp\htdocs\warhammer_elo_webapp\system\View\View.php(210): include('C:\\xampp\\htdocs...')
#6 C:\xampp\htdocs\warhammer_elo_webapp\system\View\View.php(213): CodeIgniter\View\View->CodeIgniter\View\{closure}()
#7 C:\xampp\htdocs\warhammer_elo_webapp\system\Common.php(1089): CodeIgniter\View\View->render('container', Array, true)
#8 C:\xampp\htdocs\warhammer_elo_webapp\app\Controllers\BaseController.php(67): view('container', Array)
#9 C:\xampp\htdocs\warhammer_elo_webapp\app\Controllers\Players.php(21): App\Controllers\BaseController->loadView('players')
#10 C:\xampp\htdocs\warhammer_elo_webapp\system\CodeIgniter.php(832): App\Controllers\Players->index()
#11 C:\xampp\htdocs\warhammer_elo_webapp\system\CodeIgniter.php(419): CodeIgniter\CodeIgniter->runController(Object(App\Controllers\Players))
#12 C:\xampp\htdocs\warhammer_elo_webapp\system\CodeIgniter.php(326): CodeIgniter\CodeIgniter->handleRequest(NULL, Object(Config\Cache), false)
#13 C:\xampp\htdocs\warhammer_elo_webapp\public\index.php(37): CodeIgniter\CodeIgniter->run()
#14 {main}
CRITICAL - 2022-03-06 21:37:16 --> Undefined array key "pos"
#0 C:\xampp\htdocs\warhammer_elo_webapp\app\Views\players.php(9): CodeIgniter\Debug\Exceptions->errorHandler(2, 'Undefined array...', 'C:\\xampp\\htdocs...', 9)
#1 C:\xampp\htdocs\warhammer_elo_webapp\system\View\View.php(210): include('C:\\xampp\\htdocs...')
#2 C:\xampp\htdocs\warhammer_elo_webapp\system\View\View.php(213): CodeIgniter\View\View->CodeIgniter\View\{closure}()
#3 C:\xampp\htdocs\warhammer_elo_webapp\system\Common.php(1089): CodeIgniter\View\View->render('players', Array, true)
#4 C:\xampp\htdocs\warhammer_elo_webapp\app\Views\container.php(68): view('players', Array)
#5 C:\xampp\htdocs\warhammer_elo_webapp\system\View\View.php(210): include('C:\\xampp\\htdocs...')
#6 C:\xampp\htdocs\warhammer_elo_webapp\system\View\View.php(213): CodeIgniter\View\View->CodeIgniter\View\{closure}()
#7 C:\xampp\htdocs\warhammer_elo_webapp\system\Common.php(1089): CodeIgniter\View\View->render('container', Array, true)
#8 C:\xampp\htdocs\warhammer_elo_webapp\app\Controllers\BaseController.php(67): view('container', Array)
#9 C:\xampp\htdocs\warhammer_elo_webapp\app\Controllers\Players.php(21): App\Controllers\BaseController->loadView('players')
#10 C:\xampp\htdocs\warhammer_elo_webapp\system\CodeIgniter.php(832): App\Controllers\Players->index()
#11 C:\xampp\htdocs\warhammer_elo_webapp\system\CodeIgniter.php(419): CodeIgniter\CodeIgniter->runController(Object(App\Controllers\Players))
#12 C:\xampp\htdocs\warhammer_elo_webapp\system\CodeIgniter.php(326): CodeIgniter\CodeIgniter->handleRequest(NULL, Object(Config\Cache), false)
#13 C:\xampp\htdocs\warhammer_elo_webapp\public\index.php(37): CodeIgniter\CodeIgniter->run()
#14 {main}
